<?xml version="1.0" encoding="UTF-8"?>
<!-- Generated by org.testng.reporters.JUnitReportReporter -->
<testsuite hostname="DESKTOP-B3B1BPQ" failures="0" tests="1" name="testng.Proj1_Basics2" time="0.011" errors="0" timestamp="2023-03-27T19:45:29 PDT" skipped="0">
  <testcase classname="testng.Proj1_Basics2" name="FourthMethod" time="0.011"/>
  <system-out/>
</testsuite> <!-- testng.Proj1_Basics2 -->
