<?xml version="1.0" encoding="UTF-8"?>
<!-- Generated by org.testng.reporters.JUnitReportReporter -->
<testsuite hostname="DESKTOP-B3B1BPQ" failures="0" tests="5" name="testng.Proj1_Basics3" time="0.013" errors="0" timestamp="2023-03-27T19:45:29 PDT" skipped="0">
  <testcase classname="testng.Proj1_Basics3" name="SixthMethod" time="0.001"/>
  <system-out/>
  <testcase classname="testng.Proj1_Basics3" name="FifthMethod" time="0.006"/>
  <system-out/>
  <testcase classname="testng.Proj1_Basics3" name="SeventhMethod" time="0.002"/>
  <system-out/>
  <testcase classname="testng.Proj1_Basics3" name="SeventhMethod" time="0.003"/>
  <system-out/>
  <testcase classname="testng.Proj1_Basics3" name="SeventhMethod" time="0.001"/>
  <system-out/>
</testsuite> <!-- testng.Proj1_Basics3 -->
