<?xml version="1.0" encoding="UTF-8"?>
<!-- Generated by org.testng.reporters.JUnitReportReporter -->
<testsuite hostname="DESKTOP-B3B1BPQ" failures="0" tests="2" name="testng.Proj1_Basics" time="0.009" errors="0" timestamp="2023-03-21T16:05:20 PDT" skipped="0">
  <testcase classname="testng.Proj1_Basics" name="SecondMethod" time="0.001"/>
  <system-out/>
  <testcase classname="testng.Proj1_Basics" name="FirstMethod" time="0.008"/>
  <system-out/>
</testsuite> <!-- testng.Proj1_Basics -->
